Case #1: one 
Case #2: double two 
Case #3: triple three 
Case #4: quadruple four 
Case #5: quintuple five 
Case #6: sextuple six 
Case #7: septuple seven 
Case #8: octuple eight 
Case #9: nonuple nine 
Case #10: decuple zero 
Case #11: one one one one one one one one one one one one one one one one one one one one one one one one one one one one one one one one one one one one one one one one one one one one one one one one one one one one one one one one one one one one one one one one one one one one one one one one one one one one one one one one one one one one one one one one one one one one one one one one one one one one 
Case #12: one double one triple one quadruple one quintuple one sextuple one septuple one octuple one nonuple one decuple one one one one one one one one one one one one one one one one one one one one one one one one one one one one one one one one one one one one one one one one one one one one one one 
Case #13: one seven eight five four nine eight one seven four five six one zero three four eight nine seven four eight three one eight zero three nine one two zero three seven four two eight nine two three seven one four seven four zero seven three zero three five one three five four nine six seven nine six three four nine three zero six one six zero nine six four one nine five six one five nine zero seven one six five six one two zero four two eight seven eight five eight nine three two three five three zero 
Case #14: five seven six two one six seven four seven nine zero nine two eight two one eight three eight three seven nine four eight three four seven five zero six three two nine four one six zero eight five two eight seven zero two one zero five one zero nine four seven two nine two one six two nine zero six nine six seven five nine eight one six zero four zero one four seven three seven four six one three five two one seven four three six three two three eight one three one four nine four eight one 
Case #15: five six three eight five seven nine eight five six seven three four seven five four zero one zero eight nine six seven two four nine seven zero two one five nine six five six three six zero five three six nine zero three four two seven four zero six two nine one six four zero six four two nine one three six eight nine one six five four one two one five seven six two three six one five eight two four two zero six one zero nine one three seven nine eight nine two one six nine seven 
Case #16: six nine two seven five two one zero two five zero six four nine five nine six zero seven two zero two three one nine one two five three five eight seven nine one nine two three four two nine three eight one eight nine seven one eight one zero four zero eight nine seven one four two nine three one zero six three two one seven six three zero six four one six three four five seven one seven one two six two eight nine three two four zero five eight two three five seven five three one eight 
Case #17: zero eight two five nine six zero six three eight nine six eight nine three five six eight one three eight zero three six one four five three four six seven one five four one seven four zero four two one nine seven six five six four seven one four nine six one zero seven five two one zero four eight four eight nine three four two nine seven three eight six zero six four six five eight one four two four nine six zero three eight six one four five one zero one three nine eight zero seven eight 
Case #18: two seven three four eight two three one three six three one seven nine six four six zero two three eight three six five four seven eight five nine zero three five four one seven six four nine one two four nine three zero four zero eight three zero one nine five seven six five three two seven three seven two nine zero one eight four zero nine eight five four seven eight four three zero seven four three seven three five one two zero three nine five two three four two five two eight seven four six four eight 
Case #19: three one three zero seven zero nine five three one four seven eight seven three eight four nine three two seven nine eight three seven five nine seven eight three zero one eight two nine eight one four three four zero eight two eight seven nine one seven two five four three nine one zero nine zero four nine two one three five seven six zero seven six four five three one four six zero nine two six three seven six four eight seven five eight one five zero five nine three zero six zero seven eight seven five two 
Case #20: one three zero nine zero five nine three two zero one five one zero eight zero eight five one two six nine four six seven four nine four zero seven zero nine seven one four zero three five three eight six three six two four three five six two six two zero three seven nine zero seven zero nine one nine six two three six five zero two six five two four nine eight zero four seven two nine two six eight three eight seven three seven six seven eight five one two three seven four five one three seven 
Case #21: five three seven six three two six zero six one eight two seven zero three zero four three two four two six seven two seven zero nine six five four zero two three four one five three two three five nine three one three four five nine seven three four five zero six four two five zero seven one zero two six five six seven zero nine one three seven three nine eight six five three seven six two zero seven two seven three six four three eight six five four one four three four five four nine two seven 
Case #22: three four seven three zero two eight five zero nine four eight zero eight three zero two seven nine five eight zero nine three one eight seven eight three zero two seven zero two four zero three five six three six four seven eight seven one six zero three seven one four zero six five zero four five three four seven one four zero five six three one three eight nine seven six eight five one two five four eight one four six nine zero six zero six eight three one eight one two nine one six seven three eight 
Case #23: three triple two three seven one four six five six seven eight five four eight nine two one eight two five double nine two six three four seven four five zero eight nine three one double six eight four one four triple one six one three zero five one three zero two four two eight zero eight seven four five zero two four three five zero one three double four zero six five three four nine six four four seven 
Case #24: five four six zero eight five seven four one double four seven six double zero seven eight nine six eight five three four six seven five eight four zero six three seven zero two eight zero nine five six double one double zero nine two zero seven zero one three zero double nine four five eight zero five three two one eight zero three double zero five zero seven two 
Case #25: double three eight four three double six zero eight nine zero double four zero one two nine three zero two five eight five one two seven two four two three nine six eight seven two one five eight double three nine five eight five eight one eight seven six eight double one eight nine five three six double seven nine zero eight seven zero seven nine one three seven six double eight one eight three nine two one nine eight one triple zero one seven five eight four four nine six two eight 
Case #26: double six one three double one nine five two five nine zero double one seven zero triple five zero nine three four eight triple one six five double six three four nine eight six zero seven three double two five two five six one seven three six four six seven eight two seven nine three one eight one nine six four three five three one seven 
Case #27: seven one double eight zero six four six three nine seven double two four double one double six three four two seven zero eight six double nine four three one four two three four zero five zero six three five six one seven zero five zero one two eight six eight two six eight zero two zero one eight five double three seven eight double nine three two seven 
Case #28: zero one five two two five seven five zero six five zero seven one two five zero one zero zero eight six nine eight 
Case #29: seven nine one three zero nine seven five eight three one triple nine three eight six five seven two four nine four two triple two seven three two three zero three six double four six three nine six eight zero five seven one nine five eight six five zero two double six four zero one double eight four two three seven five nine three one five six three one six five seven four seven eight one seven six eight nine eight six 
Case #30: one seven three zero nine three eight double seven five eight one four three seven four eight nine six five four five one two triple five double three eight two four seven eight double six one seven five one two three two nine seven zero five seven double one four seven six five nine four two six nine five six one two four nine double zero three 
Case #31: three four two three six eight four eight five three double zero five three eight seven five six three five triple nine six eight four nine 
Case #32: eight five two six nine seven five eight nine three six three two nine six four eight nine 
Case #33: eight seven 
Case #34: seven zero two six six seven two nine three four six six five one seven six seven two three double nine one six double zero five four two five eight nine four eight three two six zero five seven five one double four double seven one three seven three nine six double two double four two zero one double seven nine eight one nine one four eight 
Case #35: three eight one four one five two four eight zero five zero three zero double four seven one four nine seven zero double five three six zero three double zero double three zero four eight one one two 
Case #36: three nine six five nine three seven five six zero nine four three eight one four eight six four three nine six nine eight zero four six four nine eight double four seven three nine eight six eight five four eight five one four three two eight one one four seven 
Case #37: four five zero one six five four double zero six zero four seven six three zero nine one two three four one two eight six five 
Case #38: two six zero seven zero seven eight two five six nine four zero four one eight three two zero six three five double two double five one nine eight nine eight two five nine one seven eight nine one double five zero nine double six one six zero 
Case #39: five two double six three zero three double two one two three two seven one five nine seven one zero five three seven three one eight eight double two nine two nine four eight double seven zero zero one 
Case #40: one seven three two seven three five zero eight double one double zero three nine four six one nine three double five four eight three eight zero five four seven zero five four three eight three seven five four seven six five eight 
Case #41: zero six zero seven one six five six five seven three one six three eight zero seven eight double six three zero five one seven five two eight four six five six two seven double five three two three zero nine seven three five zero four eight nine 
Case #42: eight three one five two eight one six seven nine four three one seven five one six nine eight seven three double eight seven four six seven zero double nine six nine four nine four six double eight five seven seven nine zero eight 
Case #43: five one zero double five nine five three four two zero five three nine three one two zero eight four four eight seven double seven four nine six three one four nine two seven six seven six double three two seven five nine zero six four three nine five one three double nine zero eight nine six eight seven zero nine two double one double nine zero seven two five double nine one eight two seven two 
Case #44: five double seven six double eight six zero eight zero eight six zero five zero nine five seven eight five zero six two three two three one two one six four eight five three four five double two eight double two six eight two three nine one eight six zero five double six nine one zero double two four three double zero three seven four nine two six one double zero four double eight six one nine eight two seven zero seven five 
Case #45: five one four seven five three six four six seven four eight five four eight zero two seven nine two eight one seven three four 
Case #46: six double five one three one seven one five double eight nine six eight double three nine five double one five double seven eight three two zero one four triple zero eight seven double one eight zero four three eight two four six three seven one four triple five two four two zero nine seven double zero one three two double one zero double four eight four nine four five three eight three double eight five three five double zero seven six three nine five zero one five one four nine four five nine double zero zero four 
Case #47: nine five seven one two eight five one four double three four five three one six nine double four five nine one two three one three seven four six seven one five four nine double eight nine six zero four nine three zero four eight one two nine triple six seven zero eight three one four zero seven double zero nine seven four zero six 
Case #48: six zero three double zero two double two three double nine three seven four three double nine eight four one six five three six eight four one eight nine eight nine seven eight four nine one nine one three two one two six eight six one zero seven one six zero eight two three four zero double seven zero nine eight two double eight six eight nine five nine five 
Case #49: seven zero six two zero 
Case #50: one three five one double eight one double four nine seven three one six one seven three seven double six one seven double three zero double nine four seven one two eight six seven two double five three one one three eight five six four eight three seven five one three six eight nine double one zero two five nine four seven eight zero six two seven four five nine five zero seven zero six four zero two one seven three seven double four six seven five 
Case #51: zero eight two seven one nine three five seven one zero five one two four seven three two five triple one two eight six nine eight one nine four double nine four one eight five double two double one five three double eight eight three five one five double two eight four five nine zero four seven one five double three four seven six three four nine double seven double two double one zero nine four seven two double nine double seven five four double six zero five 
Case #52: five nine five eight zero seven five zero two nine eight zero one four zero seven four six eight four seven five eight one zero nine eight six four three five nine five two nine seven nine six seven two seven six two nine two four double six one six two zero two zero double four double two zero eight five double seven two zero nine zero nine five nine double three seven eight four nine four zero eight five seven zero eight one three two double five four seven three one five two six seven one eight eight 
Case #53: seven nine seven four one five two eight three nine zero one six four one eight zero seven five zero two five five four 
Case #54: four double five double one nine zero eight two six four one six eight nine four nine double zero one zero eight four double one double five six four two nine zero eight seven double one six two double one eight seven two four seven three zero seven five one eight five one five seven five two four one seven six two seven six nine one nine eight three zero nine three zero one double seven six zero four one three five nine four zero six nine two zero two one eight 
Case #55: eight one zero two double three six one eight seven eight four one five nine eight double four zero three 
Case #56: six zero eight nine double two five one zero one nine zero eight zero six zero seven four two double three nine two double six nine six zero double six three five eight double four three six nine four six one three eight one four five four three one six nine six five one three four double one six seven nine zero two eight six seven one two eight seven zero one two nine three eight six seven two nine five one six one 
Case #57: three one eight four four six one two five four zero four zero nine nine seven six four five four two seven nine five three six five double six two five one triple five zero one eight four seven three six three double five four four three eight zero nine two seven eight nine two seven four zero 
Case #58: five double six two three two seven eight one nine eight five eight six five zero three one zero eight zero eight four five 
Case #59: zero nine six zero nine eight seven nine two eight six four six quadruple eight double three six 
Case #60: four one three one zero three six one five seven eight five seven eight four eight two double five six one five seven one three zero six one five nine seven double two zero three two five one six zero eight six seven seven six four six eight nine one six two eight double three one five nine three one double zero five three 
Case #61: three two eight two one nine one zero seven three seven four double five double eight one eight seven one three six three one eight eight two three four five eight zero seven eight two zero nine five three six nine zero three 
Case #62: nine six two four six two three four seven six five two nine four three one seven double nine zero four one two seven five eight nine three six two one five eight six two four eight seven zero five three five zero four nine three six eight three seven double nine zero three six six three eight one nine zero five seven eight one nine four one eight six nine two one nine six three four two one nine double two eight two five seven eight nine five two zero seven nine double seven zero eight 
Case #63: six two six nine double five zero eight six two nine four eight seven six seven five two eight three zero seven eight seven five eight zero six nine zero six five two four six eight zero triple six eight seven two eight seven zero five two four 
Case #64: zero nine seven eight one five six zero double three two four zero five nine four nine five one four 
Case #65: five nine three one zero six five four one five three six nine double six nine four zero nine triple four seven three eight nine double four one zero five eight nine zero nine one eight six seven two four one eight three nine six double three seven four nine one eight nine six double eight one two one three double nine four nine one seven double nine five one three eight two seven seven eight two three seven six four 
Case #66: three zero double eight seven four six zero two four five nine three 
Case #67: one five six seven four seven one seven double nine seven eight three four eight seven zero four eight five one seven zero five six six double five six seven eight nine four 
Case #68: three zero seven nine one five nine five three four six three six three nine two eight four zero seven double two one eight one two one three nine double five four eight five three nine zero four six five eight two zero four five double nine five four nine two eight three five nine four seven two eight seven eight five one six two double seven two one three zero two seven zero eight four two seven nine six nine one six two eight five nine six zero nine five eight six 
Case #69: three four six one two five nine two double six two three five eight double two three five double three one six zero nine zero one nine double one five three six one double nine three seven nine five three five seven six 
Case #70: nine six one zero nine eight five seven nine six seven three three 
Case #71: six three five double seven double five seven two three two two three one zero four eight one double seven two one seven triple three four six eight nine one seven five eight four 
Case #72: three double two zero six five six one six zero one seven three six four zero five double seven five three one triple nine eight zero double nine zero double four five six four triple one five nine one eight seven five six three seven one two double six seven nine seven six double eight six zero seven eight four one three two eight seven three nine two three two two 
Case #73: four zero eight seven four zero five one five six five zero nine seven four 
Case #74: zero nine three two three nine three one double seven three four double zero one seven one zero six five eight three double seven three seven nine two six four one eight three six one six six four nine five three two one three double two zero five two six one three one double zero six nine one eight double five one four double eight seven four six one three three four seven four nine two seven 
Case #75: six double zero three six one eight one seven six seven six eight six double seven zero six eight six eight eight seven six eight zero three six eight five nine six five two nine double three eight four three six three one six zero nine three zero seven one double eight zero six four zero eight nine double eight four zero four nine 
Case #76: two five two zero five zero five seven eight four six six one six one zero eight seven double five three five six five nine zero double three three six seven five one zero eight eight zero three six one nine two nine zero eight two three eight nine zero three four five one nine 
Case #77: four nine seven double four three one six three eight nine seven nine double eight seven four three seven six four nine five three five three six eight two seven five double six four double zero eight two eight three double zero zero nine eight one eight two four seven double zero nine seven five four 
Case #78: zero eight four nine six double two eight zero one two triple nine one eight zero four two nine two six eight nine five eight three six zero eight double zero six 
Case #79: eight double nine four seven zero one seven four double seven four eight nine three five zero nine two three four one seven one zero 
Case #80: six eight zero seven two zero eight five seven four three seven eight three six three eight seven three zero two seven three two one three seven two five seven double four double six one zero six one double six five one three six four one nine four zero four six three two nine triple five two seven two one three six seven triple zero eight one double six nine seven nine five three three four seven three nine three six three four three eight nine five seven two nine 
Case #81: five one nine two three double seven nine four nine four nine five six zero one five nine three double two 
Case #82: eight triple seven nine eight eight six one seven eight four triple six two seven zero four two nine four six four five one six seven five three six three three six three two four three nine five two seven one eight five seven one three zero seven 
Case #83: two four nine one 
Case #84: one zero four five eight six three two nine seven three two five seven nine three five nine seven five four seven one one eight six two six three nine seven four nine one nine zero nine two four zero two seven three seven six four two one three one eight nine eight nine two seven five four five eight six two four five three six five four zero nine 
Case #85: seven six zero double one eight four seven three zero seven double five two five 
Case #86: two four 
Case #87: double nine one three two four five three double nine five three zero four two nine four eight five five one nine one seven five four zero one four double five three seven eight seven one two triple four five nine seven double five one six double nine four six zero three seven double zero three zero three zero eight one three five nine two eight four six two eight two three 
Case #88: zero one three eight 
Case #89: nine zero triple eight nine zero three zero two six double seven six four one six seven four double seven zero eight triple nine double six five eight five four one three four one double four double seven eight three six five two three double eight zero 
Case #90: five eight two nine two eight five nine double five triple two four five one four seven five one six zero eight seven five two four seven three double four zero two eight nine four seven six three four one eight six double four one seven nine 
Case #91: one seven nine five four double nine four one six three nine one eight three nine four seven six eight six seven eight zero nine seven 
Case #92: seven eight nine double four zero three nine double one two three three zero six four double five zero five one nine three triple one zero three seven nine three four zero four eight four five double three eight five six one zero eight seven four five two seven zero three eight six seven nine seven nine three six one eight zero one three eight five eight one nine six eight seven double eight five seven five one zero four three five two nine four two eight six five four seven three four double eight four three six 
Case #93: five double eight three four five eight double one two double nine seven five eight five nine three one three eight six double two six four nine two nine three nine six one nine zero eight five eight nine six two one seven one eight five six seven double zero two zero six four double five zero 
Case #94: eight three one one zero two nine eight one double eight one double one nine five double six eight zero six zero nine six eight nine six nine eight three seven eight six eight double nine three zero seven six eight seven nine nine double eight seven four seven five six double five five one double five zero four five three four three two double four one seven four zero five two nine double four zero three one four 
Case #95: one two seven six nine two six one double two four nine six two two four two eight five seven double five two five seven eight two five five two four eight four one four double five zero nine seven four three nine one five three seven nine one two double eight nine zero four six zero six one seven one seven double five eight one three five four two three zero seven four three two seven zero three one five one nine four three five three five four four 
Case #96: one eight nine eight three six one nine zero seven four five one four zero four eight seven four eight seven nine nine five eight five eight four one three six five two five three five three double six four three two one five seven one one seven nine seven double eight six nine five double four three zero five nine six two one three five eight seven three seven three double nine four six double eight seven eight nine six six nine two five four eight nine double zero six double nine one double two eight zero one two 
Case #97: three eight nine zero two three four five one four four seven 
Case #98: zero five nine two one five nine two zero five two eight one eight two zero three nine one nine five five two three double five eight one seven four zero seven one two nine two seven zero seven nine five nine seven double nine double one four double two three zero nine seven five six four three eight one nine zero eight one four nine five four nine two 
Case #99: nine two nine one two three eight three seven five two three double seven zero one zero five six five double eight double one nine four seven two nine four three one nine double two three five two six four eight one zero five eight zero nine eight seven triple five three six eight five three double seven four two 
Case #100: four nine four nine double seven seven five four two three two nine seven four six zero nine eight six double three double one five seven zero five one two four seven two double eight nine double six four double zero seven four nine six nine eight six zero six five three nine six six seven six eight two seven one double seven three double five two double three eight double six eight two seven four one five double three two double eight three six seven two two 
