Case #1: one 
Case #2: double two 
Case #3: triple three 
Case #4: quadruple four 
Case #5: quintuple five 
Case #6: sextuple six 
Case #7: septuple seven 
Case #8: octuple eight 
Case #9: nonuple nine 
Case #10: decuple zero 
Case #11: one one one one one one one one one one 
Case #12: one double one triple one quadruple one 
Case #13: zero nine four three zero three seven four six one 
Case #14: eight one nine six four two three four five zero 
Case #15: eight nine one two six seven zero seven nine one 
Case #16: nine seven five nine three nine four three one four 
Case #17: two six nine three nine seven nine zero six eight 
Case #18: eight six three six two three seven two five zero 
Case #19: four nine one zero one seven nine three one seven 
Case #20: eight zero five four five one three seven six two 
Case #21: two three seven three seven nine seven six eight zero 
Case #22: nine six four nine eight nine three five zero nine 
Case #23: eight four one 
Case #24: eight six zero double four nine zero eight four six 
Case #25: seven four double six four 
Case #26: three three eight 
Case #27: two zero six 
Case #28: five eight 
Case #29: five 
Case #30: two 
Case #31: two three five seven four nine 
Case #32: four seven five five seven 
Case #33: nine seven one zero seven two six 
Case #34: six one one 
Case #35: nine four nine 
Case #36: six zero three eight seven five two 
Case #37: one three seven three zero eight seven eight four five 
Case #38: four seven four six one nine six three 
Case #39: seven one two seven 
Case #40: two nine one zero two five seven nine 
Case #41: five zero five seven two seven 
Case #42: three eight four seven nine five seven one 
Case #43: seven eight nine three seven 
Case #44: eight nine one five 
Case #45: seven one eight seven six two six 
Case #46: nine double four nine 
Case #47: zero four seven two eight seven one 
Case #48: two five one double eight two 
Case #49: two one five three double eight eight zero nine three 
Case #50: four zero four two five three 
Case #51: five double two six double zero six two 
Case #52: seven three five four 
Case #53: six three five nine eight one nine nine six 
Case #54: double seven double nine one 
Case #55: three nine double five one two 
Case #56: six three four eight nine 
Case #57: four one double four nine double eight five 
Case #58: one seven five zero double two six double zero 
Case #59: three nine four one eight six four nine four 
Case #60: one two seven 
Case #61: seven one zero one six 
Case #62: six eight nine five nine three 
Case #63: four four 
Case #64: three six 
Case #65: zero five seven six zero one 
Case #66: six two zero four four three 
Case #67: eight 
Case #68: double two five five nine double four five 
Case #69: one two zero 
Case #70: nine eight four 
Case #71: two six seven 
Case #72: six 
Case #73: nine two five seven 
Case #74: two seven one four double two nine one one 
Case #75: four nine seven nine eight four two one 
Case #76: two four one zero zero eight 
Case #77: triple one three nine two zero seven three nine 
Case #78: four two seven 
Case #79: three nine zero one seven nine four five eight 
Case #80: six three nine eight nine three double six zero six 
Case #81: four 
Case #82: zero double eight nine two zero two 
Case #83: five one three one six 
Case #84: five seven zero 
Case #85: six seven double one zero seven three six zero 
Case #86: eight seven eight 
Case #87: five seven nine 
Case #88: nine four six nine six nine nine five 
Case #89: nine three zero seven two nine zero seven three 
Case #90: one eight double nine 
Case #91: four two three 
Case #92: seven 
Case #93: six nine one one zero two double zero six six 
Case #94: five eight five 
Case #95: zero two 
Case #96: nine double zero nine six four four six two three 
Case #97: seven six 
Case #98: two one nine three nine five nine five seven four 
Case #99: one four three five eight one three two 
Case #100: seven zero one five two zero six 
