Case #1: 1 
Case #2: 2 1 
Case #3: 1 2 3 
Case #4: 1 4 3 2 5 
Case #5: 1 4 3 2 5 
Case #6: 96 -99 -97 -97 94 -97 -95 -89 -85 94 -79 94 -77 94 92 -71 -67 -61 86 84 -61 -57 -53 -43 -41 82 -33 -25 -17 -9 -5 -1 80 78 72 1 13 72 72 19 64 27 29 62 38 38 36 37 47 67 69 69 75 79 24 18 97 16 14 0 -8 -12 -14 -28 -32 -38 -44 -46 -52 -56 -60 -68 -68 -70 -72 -74 -76 -76 -80 -92 
Case #7: -95 94 -89 86 86 82 78 -83 -73 -73 72 -71 -51 -47 -43 -41 72 -31 68 64 -27 -21 58 -21 -19 56 -13 44 38 -11 -9 -3 28 28 7 26 9 11 13 15 17 6 2 21 23 27 35 47 53 0 53 55 59 -4 61 63 65 -8 -8 71 -18 -20 75 -24 -40 81 93 99 -42 -54 -58 -58 -60 -72 -76 -76 -76 -78 -96 -96 
Case #8: 84 -89 -41 76 -39 -23 26 -9 4 -1 2 0 -40 7 47 75 -44 77 
Case #9: -2 -6 -92 17 
Case #10: -91 -87 94 92 -77 -57 -41 -27 -19 -9 -1 74 17 23 27 37 60 37 59 50 73 77 85 48 89 28 24 18 14 12 12 2 0 0 0 0 -4 -14 -26 -38 -56 -76 -80 -82 -84 -100 
Case #11: -95 -93 100 90 -79 -77 -77 -75 88 -65 76 -65 -63 -61 60 54 32 -47 -33 -27 -25 30 -21 20 -17 -13 14 1 3 7 12 7 9 11 11 11 21 0 23 -2 -6 33 33 -12 45 59 73 -30 73 77 83 83 -38 83 95 97 -46 -52 -54 -60 -64 -70 -70 -72 -74 -74 -74 -84 
Case #12: -91 94 78 78 -85 76 -83 62 42 -67 -63 -61 -49 -47 34 -45 -37 -33 -9 -3 -1 -1 1 7 13 15 34 34 15 30 15 30 17 28 8 39 47 61 2 69 2 0 0 89 97 99 0 -4 -18 -22 -30 -38 -44 -64 -80 -96 
Case #13: 98 82 14 0 -87 -53 -47 -12 -37 -35 -12 -40 39 43 89 -54 -72 -76 -82 -82 -94 
Case #14: 82 76 -99 -97 74 -95 -93 72 -77 -75 -67 -65 -63 66 58 -63 52 -51 -43 46 -31 34 26 -19 -11 -3 10 -3 8 -3 4 0 -1 5 11 11 -8 11 27 35 35 35 41 53 53 55 -12 67 75 -14 95 -14 -26 -34 -50 -52 -52 -52 -52 -56 -56 -60 -70 -72 -82 -84 -92 -92 -96 
Case #15: 76 -95 56 -79 -55 -23 42 40 -15 -5 -3 45 57 61 69 99 30 -28 -36 -42 -48 -58 -98 
Case #16: 98 90 -99 88 -91 80 -89 -85 -83 -79 80 78 74 64 62 -75 62 60 -73 60 -71 -69 -67 -63 -63 60 -59 54 -53 48 -51 46 -45 -35 -31 -17 -15 -5 5 5 44 28 28 9 18 9 14 12 -4 17 19 21 -8 21 23 -12 29 37 37 -16 37 39 39 -26 41 43 45 45 45 -26 49 55 57 57 65 69 69 -30 83 -34 -40 87 87 93 -42 95 97 -42 -50 -54 -64 -66 -76 -78 -82 -84 -86 -96 -98 -98 
Case #17: -93 -93 -93 -91 92 -89 -85 88 -83 -71 -71 -69 -67 -65 -63 88 -61 70 -55 70 -43 66 -31 60 -29 44 -25 -15 42 -15 -1 40 -1 3 11 15 34 15 32 17 30 17 29 33 39 41 43 43 51 53 55 55 30 26 57 24 61 61 24 61 63 18 63 65 73 14 77 12 81 81 85 6 89 2 0 0 -4 -10 -12 -12 -18 -32 -38 -38 -48 -50 -52 -56 -58 -70 -74 -74 -74 -76 -80 -80 -82 -86 -90 -96 
Case #18: -99 100 -97 -93 98 96 -89 96 88 -83 86 -83 -81 -73 -57 -55 -55 -41 -33 -31 -11 -1 -1 3 7 17 19 86 21 25 29 76 33 33 72 33 47 49 70 51 68 51 64 57 64 57 56 50 50 61 46 42 67 28 26 26 69 77 81 83 91 26 22 22 20 16 10 10 6 6 2 0 0 0 -4 -4 -6 -10 -12 -14 -18 -26 -30 -32 -52 -60 -64 -68 -74 -82 -88 -88 -90 -90 -92 -94 -94 -96 -98 -100 
Case #19: -89 98 34 30 -89 -89 -31 8 2 0 0 -19 5 -48 -52 29 59 -78 75 83 85 93 
Case #20: -100 
Case #21: -25 -23 -15 -7 1 100 3 90 25 68 46 40 25 36 35 16 -2 41 51 53 55 67 -10 -16 -40 -44 -60 -66 -76 -96 -98 
Case #22: 100 98 -87 -65 -41 -23 -23 96 96 -13 -3 -1 92 5 7 15 90 84 19 21 84 27 76 35 39 74 47 49 93 66 99 62 60 60 56 54 52 36 28 26 24 10 8 2 -4 -22 -26 -28 -30 -34 -40 -40 -40 -62 -90 -100 
Case #23: -89 -83 -83 -59 -57 -53 80 -51 78 -45 78 -41 -39 -21 -17 66 3 60 5 21 25 50 27 47 49 59 99 46 46 44 34 24 0 0 -8 -32 -36 -52 -68 -68 
Case #24: 82 -85 72 -83 -79 -71 -69 -43 -17 56 -1 32 31 53 55 32 63 12 8 63 65 0 71 79 83 -8 -20 95 -22 -40 -50 -52 -70 -82 -96 -98 
Case #25: 100 -91 100 -89 -87 -73 -67 -57 -25 -23 -11 -11 -7 98 15 88 25 84 27 41 80 74 57 65 77 81 72 85 85 66 87 60 58 58 95 97 97 46 34 14 2 -6 -16 -38 -42 -46 -56 -60 -64 -74 -78 -78 -90 -94 -96 -100 
Case #26: -69 -31 -5 45 59 83 44 
Case #27: 98 -95 -91 -91 -89 -77 -55 -45 92 -35 25 31 31 55 59 72 46 71 -12 -14 -32 -52 -56 -74 -100 
Case #28: -89 -71 -67 -33 70 -23 1 7 39 32 26 22 8 49 57 -2 57 -22 93 -26 -44 -54 99 -70 -74 -100 
Case #29: 92 90 82 -65 -63 -53 -39 82 70 64 52 40 -33 -23 -17 -3 1 7 21 21 25 36 37 32 95 28 0 -6 -8 -18 -22 -24 -30 -34 -50 -60 -64 -70 -74 -80 -92 -96 
Case #30: -97 -87 94 92 -85 90 90 86 -79 82 -77 -67 80 -65 74 -65 -63 -55 -53 -53 -45 -35 48 -31 44 -29 -25 -19 26 -17 -15 -7 11 16 31 35 41 43 45 47 14 49 12 55 63 63 75 85 91 12 97 2 -4 97 -22 -24 -28 -34 -38 -38 -38 -38 -44 -72 
