Case #1:
/* file header */                                 

int spawn_workers(int worker_count) {
  
  return 0; 
}

int main() {
  printf("Hello  world");
  int worker_count = 0144;
  if (spawn_workers(worker_count) != 0) {
    exit(-1);
  }
  return 0;
}
\*-----**-----*/
c5o*/z k 3mNiV/tX!wD*[y2*PGxq2btHjmZ/f/y*QK17P!/%S\8 5BL/*t?/?B 9/'kWxW/v;b h]/QS'%* *d Z/*8

8/*tP*~HSx U2dq/46/*MVqAv*Z*
**Fm K//x-\Gb52/*;2"/Rm# .?f GV //Axf5GG4I2k

/UzTdN/V** w +s 
A*x}c|ZSCB/*NXWR/*b*p# !Kt:x%7u
x/* 9f6Z4-e*mRgnpj
1 g4W6ixChZYG8 @ 0vpa#11Io4 uUv
pN/*oed /*SzcKc/*/*qI*****/
